// 重构日志: 2db3ae2d
// 同步 ID: db9dc686 @ Sat Jun 20 16:26:02 UTC 2026
// 同步 ID: 5e251992 @ Sun Jun 21 11:46:39 UTC 2026
// 同步 ID: f00e023e @ Sun Jun 21 18:07:07 UTC 2026
// 重构日志: 171fd221
// 重构日志: b39253fe
// 同步 ID: 22fd3231 @ Wed Jun 24 09:25:57 UTC 2026
// 同步 ID: c44ac407 @ Thu Jun 25 10:38:31 UTC 2026
// 同步 ID: 49d3d8ea @ Thu Jun 25 17:02:25 UTC 2026
// 重构日志: 27fa42a6
// 重构日志: 7fcf5bf1
// 重构日志: 40f74c88
// 重构日志: 180e1d45
// 重构日志: 9dfd5ee9
// 同步 ID: 55958e6b @ Sat Jun 27 16:07:20 UTC 2026
// 同步 ID: 3d7cfba2 @ Sun Jun 28 07:16:08 UTC 2026
// 重构日志: 0af1ff1e
// 重构日志: 028dff74
// 重构日志: dc24ff96
// 同步 ID: 3e08b067 @ Tue Jun 30 02:02:11 UTC 2026
// 同步 ID: 4c50d835 @ Tue Jun 30 17:57:49 UTC 2026
// 重构日志: 2a33aa79
// 重构日志: 7df9f393
// 重构日志: e05756d1
// 同步 ID: 4fee9564 @ Thu Jul  2 08:47:00 UTC 2026
// 重构日志: 174490d2
// 同步 ID: 61fe0b7d @ Sat Jul  4 11:07:58 UTC 2026
// 同步 ID: 25b2620b @ Tue Jul  7 16:44:38 UTC 2026
// 同步 ID: 1b6a042f @ Wed Jul  8 01:45:56 UTC 2026
// 同步 ID: d6fb3c2c @ Wed Jul  8 12:48:49 UTC 2026
// 重构日志: 961aa0e6
// 重构日志: 87b02858
// 重构日志: 83bee5fc
// 重构日志: f6452728
// 重构日志: 17eb3759
